2019-09-04 10:24:30:316[INFO ] [AbstractApplicationContext.java:583] [] - Refreshing org.springframework.context.annotation.AnnotationConfigApplicationContext@3d2c72: startup date [Wed Sep 04 10:24:30 GMT+08:00 2019]; root of context hierarchy
2019-09-04 10:24:30:594[INFO ] [AutowiredAnnotationBeanPostProcessor.java:155] [] - JSR-330 'javax.inject.Inject' annotation found and supported for autowiring
2019-09-04 10:24:30:653[INFO ] [PostProcessorRegistrationDelegate.java:327] [] - Bean 'configurationPropertiesRebinderAutoConfiguration' of type [org.springframework.cloud.autoconfigure.ConfigurationPropertiesRebinderAutoConfiguration$$EnhancerBySpringCGLIB$$f647a402] is not eligible for getting processed by all BeanPostProcessors (for example: not eligible for auto-proxying)
2019-09-04 10:24:30:670[INFO ] [Version.java:30] [] - HV000001: Hibernate Validator 5.3.5.Final
2019-09-04 10:24:31:928[INFO ] [SpringApplication.java:597] [] - The following profiles are active: yy2
2019-09-04 10:24:31:956[INFO ] [AbstractApplicationContext.java:583] [] - Refreshing org.springframework.boot.context.embedded.AnnotationConfigEmbeddedWebApplicationContext@1f5bcb4: startup date [Wed Sep 04 10:24:31 GMT+08:00 2019]; parent: org.springframework.context.annotation.AnnotationConfigApplicationContext@3d2c72
2019-09-04 10:24:33:285[INFO ] [GenericScope.java:263] [] - BeanFactory id=b483752f-1c21-366b-9c62-ae2e58561af0
2019-09-04 10:24:33:307[INFO ] [AutowiredAnnotationBeanPostProcessor.java:155] [] - JSR-330 'javax.inject.Inject' annotation found and supported for autowiring
2019-09-04 10:24:33:423[INFO ] [PostProcessorRegistrationDelegate.java:327] [] - Bean 'org.springframework.cloud.netflix.metrics.MetricsInterceptorConfiguration$MetricsRestTemplateConfiguration' of type [org.springframework.cloud.netflix.metrics.MetricsInterceptorConfiguration$MetricsRestTemplateConfiguration$$EnhancerBySpringCGLIB$$c5a4746] is not eligible for getting processed by all BeanPostProcessors (for example: not eligible for auto-proxying)
2019-09-04 10:24:33:604[INFO ] [PostProcessorRegistrationDelegate.java:327] [] - Bean 'org.springframework.cloud.autoconfigure.ConfigurationPropertiesRebinderAutoConfiguration' of type [org.springframework.cloud.autoconfigure.ConfigurationPropertiesRebinderAutoConfiguration$$EnhancerBySpringCGLIB$$f647a402] is not eligible for getting processed by all BeanPostProcessors (for example: not eligible for auto-proxying)
2019-09-04 10:24:34:490[INFO ] [TomcatEmbeddedServletContainer.java:89] [] - Tomcat initialized with port(s): 5002 (http)
2019-09-04 10:24:34:520[INFO ] [DirectJDKLog.java:179] [] - Starting service [Tomcat]
2019-09-04 10:24:34:521[INFO ] [DirectJDKLog.java:179] [] - Starting Servlet Engine: Apache Tomcat/8.5.23
2019-09-04 10:24:34:851[INFO ] [DirectJDKLog.java:179] [] - Initializing Spring embedded WebApplicationContext
2019-09-04 10:24:34:853[INFO ] [EmbeddedWebApplicationContext.java:276] [] - Root WebApplicationContext: initialization completed in 2895 ms
2019-09-04 10:24:35:134[INFO ] [ServletRegistrationBean.java:190] [] - Mapping servlet: 'dispatcherServlet' to [/]
2019-09-04 10:24:35:136[INFO ] [AbstractFilterRegistrationBean.java:258] [] - Mapping filter: 'metricsFilter' to: [/*]
2019-09-04 10:24:35:136[INFO ] [AbstractFilterRegistrationBean.java:258] [] - Mapping filter: 'characterEncodingFilter' to: [/*]
2019-09-04 10:24:35:136[INFO ] [AbstractFilterRegistrationBean.java:258] [] - Mapping filter: 'hiddenHttpMethodFilter' to: [/*]
2019-09-04 10:24:35:139[INFO ] [AbstractFilterRegistrationBean.java:258] [] - Mapping filter: 'httpPutFormContentFilter' to: [/*]
2019-09-04 10:24:35:139[INFO ] [AbstractFilterRegistrationBean.java:258] [] - Mapping filter: 'requestContextFilter' to: [/*]
2019-09-04 10:24:35:139[INFO ] [AbstractFilterRegistrationBean.java:258] [] - Mapping filter: 'webRequestLoggingFilter' to: [/*]
2019-09-04 10:24:35:139[INFO ] [AbstractFilterRegistrationBean.java:258] [] - Mapping filter: 'applicationContextIdFilter' to: [/*]
2019-09-04 10:24:35:464[WARN ] [URLConfigurationSource.java:121] [] - No URLs will be polled as dynamic configuration sources.
2019-09-04 10:24:35:464[INFO ] [URLConfigurationSource.java:122] [] - To enable URLs as dynamic configuration sources, define System property archaius.configurationSource.additionalUrls or make config.properties available on classpath.
2019-09-04 10:24:35:473[WARN ] [URLConfigurationSource.java:121] [] - No URLs will be polled as dynamic configuration sources.
2019-09-04 10:24:35:473[INFO ] [URLConfigurationSource.java:122] [] - To enable URLs as dynamic configuration sources, define System property archaius.configurationSource.additionalUrls or make config.properties available on classpath.
2019-09-04 10:24:35:709[INFO ] [RequestMappingHandlerAdapter.java:534] [] - Looking for @ControllerAdvice: org.springframework.boot.context.embedded.AnnotationConfigEmbeddedWebApplicationContext@1f5bcb4: startup date [Wed Sep 04 10:24:31 GMT+08:00 2019]; parent: org.springframework.context.annotation.AnnotationConfigApplicationContext@3d2c72
2019-09-04 10:24:35:850[INFO ] [AbstractHandlerMethodMapping.java:543] [] - Mapped "{[/request-client],methods=[GET]}" onto public java.lang.String com.yd.cloud.controller.ConsumerController.sendRequestClient()
2019-09-04 10:24:35:856[INFO ] [AbstractHandlerMethodMapping.java:543] [] - Mapped "{[/error]}" onto public org.springframework.http.ResponseEntity<java.util.Map<java.lang.String, java.lang.Object>> org.springframework.boot.autoconfigure.web.BasicErrorController.error(javax.servlet.http.HttpServletRequest)
2019-09-04 10:24:35:856[INFO ] [AbstractHandlerMethodMapping.java:543] [] - Mapped "{[/error],produces=[text/html]}" onto public org.springframework.web.servlet.ModelAndView org.springframework.boot.autoconfigure.web.BasicErrorController.errorHtml(javax.servlet.http.HttpServletRequest,javax.servlet.http.HttpServletResponse)
2019-09-04 10:24:35:927[INFO ] [AbstractUrlHandlerMapping.java:362] [] - Mapped URL path [/webjars/**] onto handler of type [class org.springframework.web.servlet.resource.ResourceHttpRequestHandler]
2019-09-04 10:24:35:927[INFO ] [AbstractUrlHandlerMapping.java:362] [] - Mapped URL path [/**] onto handler of type [class org.springframework.web.servlet.resource.ResourceHttpRequestHandler]
2019-09-04 10:24:35:961[INFO ] [AbstractUrlHandlerMapping.java:362] [] - Mapped URL path [/**/favicon.ico] onto handler of type [class org.springframework.web.servlet.resource.ResourceHttpRequestHandler]
2019-09-04 10:24:36:563[INFO ] [AbstractHandlerMethodMapping.java:543] [] - Mapped "{[/auditevents || /auditevents.json],methods=[GET],produces=[application/vnd.spring-boot.actuator.v1+json || application/json]}" onto public org.springframework.http.ResponseEntity<?> org.springframework.boot.actuate.endpoint.mvc.AuditEventsMvcEndpoint.findByPrincipalAndAfterAndType(java.lang.String,java.util.Date,java.lang.String)
2019-09-04 10:24:36:563[INFO ] [AbstractHandlerMethodMapping.java:543] [] - Mapped "{[/pause || /pause.json],methods=[POST]}" onto public java.lang.Object org.springframework.cloud.endpoint.GenericPostableMvcEndpoint.invoke()
2019-09-04 10:24:36:563[INFO ] [AbstractHandlerMethodMapping.java:543] [] - Mapped "{[/heapdump || /heapdump.json],methods=[GET],produces=[application/octet-stream]}" onto public void org.springframework.boot.actuate.endpoint.mvc.HeapdumpMvcEndpoint.invoke(boolean,javax.servlet.http.HttpServletRequest,javax.servlet.http.HttpServletResponse) throws java.io.IOException,javax.servlet.ServletException
2019-09-04 10:24:36:564[INFO ] [AbstractHandlerMethodMapping.java:543] [] - Mapped "{[/beans || /beans.json],methods=[GET],produces=[application/vnd.spring-boot.actuator.v1+json || application/json]}" onto public java.lang.Object org.springframework.boot.actuate.endpoint.mvc.EndpointMvcAdapter.invoke()
2019-09-04 10:24:36:565[INFO ] [AbstractHandlerMethodMapping.java:543] [] - Mapped "{[/health || /health.json],methods=[GET],produces=[application/vnd.spring-boot.actuator.v1+json || application/json]}" onto public java.lang.Object org.springframework.boot.actuate.endpoint.mvc.HealthMvcEndpoint.invoke(javax.servlet.http.HttpServletRequest,java.security.Principal)
2019-09-04 10:24:36:565[INFO ] [AbstractHandlerMethodMapping.java:543] [] - Mapped "{[/configprops || /configprops.json],methods=[GET],produces=[application/vnd.spring-boot.actuator.v1+json || application/json]}" onto public java.lang.Object org.springframework.boot.actuate.endpoint.mvc.EndpointMvcAdapter.invoke()
2019-09-04 10:24:36:566[INFO ] [AbstractHandlerMethodMapping.java:543] [] - Mapped "{[/resume || /resume.json],methods=[POST]}" onto public java.lang.Object org.springframework.cloud.endpoint.GenericPostableMvcEndpoint.invoke()
2019-09-04 10:24:36:566[INFO ] [AbstractHandlerMethodMapping.java:543] [] - Mapped "{[/mappings || /mappings.json],methods=[GET],produces=[application/vnd.spring-boot.actuator.v1+json || application/json]}" onto public java.lang.Object org.springframework.boot.actuate.endpoint.mvc.EndpointMvcAdapter.invoke()
2019-09-04 10:24:36:566[INFO ] [AbstractHandlerMethodMapping.java:543] [] - Mapped "{[/autoconfig || /autoconfig.json],methods=[GET],produces=[application/vnd.spring-boot.actuator.v1+json || application/json]}" onto public java.lang.Object org.springframework.boot.actuate.endpoint.mvc.EndpointMvcAdapter.invoke()
2019-09-04 10:24:36:568[INFO ] [AbstractHandlerMethodMapping.java:543] [] - Mapped "{[/archaius || /archaius.json],methods=[GET],produces=[application/vnd.spring-boot.actuator.v1+json || application/json]}" onto public java.lang.Object org.springframework.boot.actuate.endpoint.mvc.EndpointMvcAdapter.invoke()
2019-09-04 10:24:36:569[INFO ] [AbstractHandlerMethodMapping.java:543] [] - Mapped "{[/info || /info.json],methods=[GET],produces=[application/vnd.spring-boot.actuator.v1+json || application/json]}" onto public java.lang.Object org.springframework.boot.actuate.endpoint.mvc.EndpointMvcAdapter.invoke()
2019-09-04 10:24:36:569[INFO ] [AbstractHandlerMethodMapping.java:543] [] - Mapped "{[/restart || /restart.json],methods=[POST]}" onto public java.lang.Object org.springframework.cloud.context.restart.RestartMvcEndpoint.invoke()
2019-09-04 10:24:36:570[INFO ] [AbstractHandlerMethodMapping.java:543] [] - Mapped "{[/dump || /dump.json],methods=[GET],produces=[application/vnd.spring-boot.actuator.v1+json || application/json]}" onto public java.lang.Object org.springframework.boot.actuate.endpoint.mvc.EndpointMvcAdapter.invoke()
2019-09-04 10:24:36:571[INFO ] [AbstractHandlerMethodMapping.java:543] [] - Mapped "{[/trace || /trace.json],methods=[GET],produces=[application/vnd.spring-boot.actuator.v1+json || application/json]}" onto public java.lang.Object org.springframework.boot.actuate.endpoint.mvc.EndpointMvcAdapter.invoke()
2019-09-04 10:24:36:572[INFO ] [AbstractHandlerMethodMapping.java:543] [] - Mapped "{[/env],methods=[POST]}" onto public java.lang.Object org.springframework.cloud.context.environment.EnvironmentManagerMvcEndpoint.value(java.util.Map<java.lang.String, java.lang.String>)
2019-09-04 10:24:36:572[INFO ] [AbstractHandlerMethodMapping.java:543] [] - Mapped "{[/env/reset],methods=[POST]}" onto public java.util.Map<java.lang.String, java.lang.Object> org.springframework.cloud.context.environment.EnvironmentManagerMvcEndpoint.reset()
2019-09-04 10:24:36:573[INFO ] [AbstractHandlerMethodMapping.java:543] [] - Mapped "{[/loggers/{name:.*}],methods=[GET],produces=[application/vnd.spring-boot.actuator.v1+json || application/json]}" onto public java.lang.Object org.springframework.boot.actuate.endpoint.mvc.LoggersMvcEndpoint.get(java.lang.String)
2019-09-04 10:24:36:573[INFO ] [AbstractHandlerMethodMapping.java:543] [] - Mapped "{[/loggers/{name:.*}],methods=[POST],consumes=[application/vnd.spring-boot.actuator.v1+json || application/json],produces=[application/vnd.spring-boot.actuator.v1+json || application/json]}" onto public java.lang.Object org.springframework.boot.actuate.endpoint.mvc.LoggersMvcEndpoint.set(java.lang.String,java.util.Map<java.lang.String, java.lang.String>)
2019-09-04 10:24:36:574[INFO ] [AbstractHandlerMethodMapping.java:543] [] - Mapped "{[/loggers || /loggers.json],methods=[GET],produces=[application/vnd.spring-boot.actuator.v1+json || application/json]}" onto public java.lang.Object org.springframework.boot.actuate.endpoint.mvc.EndpointMvcAdapter.invoke()
2019-09-04 10:24:36:574[INFO ] [AbstractHandlerMethodMapping.java:543] [] - Mapped "{[/features || /features.json],methods=[GET],produces=[application/vnd.spring-boot.actuator.v1+json || application/json]}" onto public java.lang.Object org.springframework.boot.actuate.endpoint.mvc.EndpointMvcAdapter.invoke()
2019-09-04 10:24:36:574[INFO ] [AbstractHandlerMethodMapping.java:543] [] - Mapped "{[/refresh || /refresh.json],methods=[POST]}" onto public java.lang.Object org.springframework.cloud.endpoint.GenericPostableMvcEndpoint.invoke()
2019-09-04 10:24:36:576[INFO ] [AbstractHandlerMethodMapping.java:543] [] - Mapped "{[/metrics/{name:.*}],methods=[GET],produces=[application/vnd.spring-boot.actuator.v1+json || application/json]}" onto public java.lang.Object org.springframework.boot.actuate.endpoint.mvc.MetricsMvcEndpoint.value(java.lang.String)
2019-09-04 10:24:36:576[INFO ] [AbstractHandlerMethodMapping.java:543] [] - Mapped "{[/metrics || /metrics.json],methods=[GET],produces=[application/vnd.spring-boot.actuator.v1+json || application/json]}" onto public java.lang.Object org.springframework.boot.actuate.endpoint.mvc.EndpointMvcAdapter.invoke()
2019-09-04 10:24:36:577[INFO ] [AbstractHandlerMethodMapping.java:543] [] - Mapped "{[/env/{name:.*}],methods=[GET],produces=[application/vnd.spring-boot.actuator.v1+json || application/json]}" onto public java.lang.Object org.springframework.boot.actuate.endpoint.mvc.EnvironmentMvcEndpoint.value(java.lang.String)
2019-09-04 10:24:36:577[INFO ] [AbstractHandlerMethodMapping.java:543] [] - Mapped "{[/env || /env.json],methods=[GET],produces=[application/vnd.spring-boot.actuator.v1+json || application/json]}" onto public java.lang.Object org.springframework.boot.actuate.endpoint.mvc.EndpointMvcAdapter.invoke()
2019-09-04 10:24:37:487[INFO ] [MBeanExporter.java:431] [] - Registering beans for JMX exposure on startup
2019-09-04 10:24:37:493[INFO ] [MBeanExporter.java:916] [] - Bean with name 'environmentManager' has been autodetected for JMX exposure
2019-09-04 10:24:37:497[INFO ] [MBeanExporter.java:916] [] - Bean with name 'configurationPropertiesRebinder' has been autodetected for JMX exposure
2019-09-04 10:24:37:497[INFO ] [MBeanExporter.java:916] [] - Bean with name 'refreshEndpoint' has been autodetected for JMX exposure
2019-09-04 10:24:37:497[INFO ] [MBeanExporter.java:916] [] - Bean with name 'restartEndpoint' has been autodetected for JMX exposure
2019-09-04 10:24:37:498[INFO ] [MBeanExporter.java:916] [] - Bean with name 'refreshScope' has been autodetected for JMX exposure
2019-09-04 10:24:37:498[INFO ] [MBeanExporter.java:678] [] - Located managed bean 'environmentManager': registering with JMX server as MBean [org.springframework.cloud.context.environment:name=environmentManager,type=EnvironmentManager]
2019-09-04 10:24:37:507[INFO ] [MBeanExporter.java:678] [] - Located managed bean 'restartEndpoint': registering with JMX server as MBean [org.springframework.cloud.context.restart:name=restartEndpoint,type=RestartEndpoint]
2019-09-04 10:24:37:515[INFO ] [MBeanExporter.java:678] [] - Located managed bean 'refreshScope': registering with JMX server as MBean [org.springframework.cloud.context.scope.refresh:name=refreshScope,type=RefreshScope]
2019-09-04 10:24:37:520[INFO ] [MBeanExporter.java:678] [] - Located managed bean 'configurationPropertiesRebinder': registering with JMX server as MBean [org.springframework.cloud.context.properties:name=configurationPropertiesRebinder,context=1f5bcb4,type=ConfigurationPropertiesRebinder]
2019-09-04 10:24:37:525[INFO ] [MBeanExporter.java:678] [] - Located managed bean 'refreshEndpoint': registering with JMX server as MBean [org.springframework.cloud.endpoint:name=refreshEndpoint,type=RefreshEndpoint]
2019-09-04 10:24:37:527[INFO ] [MBeanExporter.java:431] [] - Registering beans for JMX exposure on startup
2019-09-04 10:24:37:614[INFO ] [DefaultLifecycleProcessor.java:343] [] - Starting beans in phase 0
2019-09-04 10:24:37:615[INFO ] [MBeanExporter.java:678] [] - Located managed bean 'auditEventsEndpoint': registering with JMX server as MBean [org.springframework.boot:type=Endpoint,name=auditEventsEndpoint]
2019-09-04 10:24:37:620[INFO ] [MBeanExporter.java:678] [] - Located managed bean 'archaiusEndpoint': registering with JMX server as MBean [org.springframework.boot:type=Endpoint,name=archaiusEndpoint]
2019-09-04 10:24:37:627[INFO ] [MBeanExporter.java:678] [] - Located managed bean 'featuresEndpoint': registering with JMX server as MBean [org.springframework.boot:type=Endpoint,name=featuresEndpoint]
2019-09-04 10:24:37:630[INFO ] [MBeanExporter.java:678] [] - Located managed bean 'requestMappingEndpoint': registering with JMX server as MBean [org.springframework.boot:type=Endpoint,name=requestMappingEndpoint]
2019-09-04 10:24:37:633[INFO ] [MBeanExporter.java:678] [] - Located managed bean 'environmentEndpoint': registering with JMX server as MBean [org.springframework.boot:type=Endpoint,name=environmentEndpoint]
2019-09-04 10:24:37:636[INFO ] [MBeanExporter.java:678] [] - Located managed bean 'healthEndpoint': registering with JMX server as MBean [org.springframework.boot:type=Endpoint,name=healthEndpoint]
2019-09-04 10:24:37:637[INFO ] [MBeanExporter.java:678] [] - Located managed bean 'beansEndpoint': registering with JMX server as MBean [org.springframework.boot:type=Endpoint,name=beansEndpoint]
2019-09-04 10:24:37:641[INFO ] [MBeanExporter.java:678] [] - Located managed bean 'infoEndpoint': registering with JMX server as MBean [org.springframework.boot:type=Endpoint,name=infoEndpoint]
2019-09-04 10:24:37:644[INFO ] [MBeanExporter.java:678] [] - Located managed bean 'loggersEndpoint': registering with JMX server as MBean [org.springframework.boot:type=Endpoint,name=loggersEndpoint]
2019-09-04 10:24:37:649[INFO ] [MBeanExporter.java:678] [] - Located managed bean 'metricsEndpoint': registering with JMX server as MBean [org.springframework.boot:type=Endpoint,name=metricsEndpoint]
2019-09-04 10:24:37:651[INFO ] [MBeanExporter.java:678] [] - Located managed bean 'traceEndpoint': registering with JMX server as MBean [org.springframework.boot:type=Endpoint,name=traceEndpoint]
2019-09-04 10:24:37:655[INFO ] [MBeanExporter.java:678] [] - Located managed bean 'dumpEndpoint': registering with JMX server as MBean [org.springframework.boot:type=Endpoint,name=dumpEndpoint]
2019-09-04 10:24:37:657[INFO ] [MBeanExporter.java:678] [] - Located managed bean 'autoConfigurationReportEndpoint': registering with JMX server as MBean [org.springframework.boot:type=Endpoint,name=autoConfigurationReportEndpoint]
2019-09-04 10:24:37:660[INFO ] [MBeanExporter.java:678] [] - Located managed bean 'configurationPropertiesReportEndpoint': registering with JMX server as MBean [org.springframework.boot:type=Endpoint,name=configurationPropertiesReportEndpoint]
2019-09-04 10:24:37:702[INFO ] [ScheduledAnnotationBeanPostProcessor.java:262] [] - No TaskScheduler/ScheduledExecutorService bean found for scheduled processing
2019-09-04 10:24:37:718[INFO ] [DirectJDKLog.java:179] [] - Initializing ProtocolHandler ["http-nio-5002"]
2019-09-04 10:24:37:730[INFO ] [DirectJDKLog.java:179] [] - Starting ProtocolHandler ["http-nio-5002"]
2019-09-04 10:24:37:749[INFO ] [DirectJDKLog.java:179] [] - Using a shared selector for servlet write/read
2019-09-04 10:24:37:774[INFO ] [TomcatEmbeddedServletContainer.java:201] [] - Tomcat started on port(s): 5002 (http)
2019-09-04 10:24:37:783[INFO ] [StartupInfoLogger.java:57] [] - Started ConsumerApplication in 8.751 seconds (JVM running for 9.623)
2019-09-04 10:24:38:170[ERROR] [RecvTopicMsg.java:75] [] - 获取通道异常
java.io.IOException: null
	at com.rabbitmq.client.impl.AMQChannel.wrap(AMQChannel.java:105)
	at com.rabbitmq.client.impl.AMQChannel.wrap(AMQChannel.java:101)
	at com.rabbitmq.client.impl.AMQChannel.exnWrappingRpc(AMQChannel.java:123)
	at com.rabbitmq.client.impl.ChannelN.queueBind(ChannelN.java:1057)
	at com.rabbitmq.client.impl.recovery.AutorecoveringChannel.queueBind(AutorecoveringChannel.java:401)
	at com.rabbitmq.client.impl.recovery.AutorecoveringChannel.queueBind(AutorecoveringChannel.java:396)
	at com.yd.cloud.rabbitmq.RecvTopicMsg.recvMsg(RecvTopicMsg.java:48)
	at com.yd.cloud.timeTask.TestTimeTask.recvMsg(TestTimeTask.java:27)
	at sun.reflect.NativeMethodAccessorImpl.invoke0(Native Method)
	at sun.reflect.NativeMethodAccessorImpl.invoke(NativeMethodAccessorImpl.java:62)
	at sun.reflect.DelegatingMethodAccessorImpl.invoke(DelegatingMethodAccessorImpl.java:43)
	at java.lang.reflect.Method.invoke(Method.java:498)
	at org.springframework.scheduling.support.ScheduledMethodRunnable.run(ScheduledMethodRunnable.java:65)
	at org.springframework.scheduling.support.DelegatingErrorHandlingRunnable.run(DelegatingErrorHandlingRunnable.java:54)
	at org.springframework.scheduling.concurrent.ReschedulingRunnable.run(ReschedulingRunnable.java:81)
	at java.util.concurrent.Executors$RunnableAdapter.call(Executors.java:511)
	at java.util.concurrent.FutureTask.run(FutureTask.java:266)
	at java.util.concurrent.ScheduledThreadPoolExecutor$ScheduledFutureTask.access$201(ScheduledThreadPoolExecutor.java:180)
	at java.util.concurrent.ScheduledThreadPoolExecutor$ScheduledFutureTask.run(ScheduledThreadPoolExecutor.java:293)
	at java.util.concurrent.ThreadPoolExecutor.runWorker(ThreadPoolExecutor.java:1149)
	at java.util.concurrent.ThreadPoolExecutor$Worker.run(ThreadPoolExecutor.java:624)
	at java.lang.Thread.run(Thread.java:748)
Caused by: com.rabbitmq.client.ShutdownSignalException: channel error; protocol method: #method<channel.close>(reply-code=404, reply-text=NOT_FOUND - no exchange 'yuandi-exchange-test2' in vhost '/', class-id=50, method-id=20)
	at com.rabbitmq.utility.ValueOrException.getValue(ValueOrException.java:66)
	at com.rabbitmq.utility.BlockingValueOrException.uninterruptibleGetValue(BlockingValueOrException.java:32)
	at com.rabbitmq.client.impl.AMQChannel$BlockingRpcContinuation.getReply(AMQChannel.java:366)
	at com.rabbitmq.client.impl.AMQChannel.privateRpc(AMQChannel.java:229)
	at com.rabbitmq.client.impl.AMQChannel.exnWrappingRpc(AMQChannel.java:117)
	... 19 common frames omitted
Caused by: com.rabbitmq.client.ShutdownSignalException: channel error; protocol method: #method<channel.close>(reply-code=404, reply-text=NOT_FOUND - no exchange 'yuandi-exchange-test2' in vhost '/', class-id=50, method-id=20)
	at com.rabbitmq.client.impl.ChannelN.asyncShutdown(ChannelN.java:505)
	at com.rabbitmq.client.impl.ChannelN.processAsync(ChannelN.java:336)
	at com.rabbitmq.client.impl.AMQChannel.handleCompleteInboundCommand(AMQChannel.java:143)
	at com.rabbitmq.client.impl.AMQChannel.handleFrame(AMQChannel.java:90)
	at com.rabbitmq.client.impl.AMQConnection.readFrame(AMQConnection.java:634)
	at com.rabbitmq.client.impl.AMQConnection.access$300(AMQConnection.java:47)
	at com.rabbitmq.client.impl.AMQConnection$MainLoop.run(AMQConnection.java:572)
	... 1 common frames omitted
2019-09-04 10:24:39:025[ERROR] [RecvTopicMsg.java:75] [] - 获取通道异常
java.io.IOException: null
	at com.rabbitmq.client.impl.AMQChannel.wrap(AMQChannel.java:105)
	at com.rabbitmq.client.impl.AMQChannel.wrap(AMQChannel.java:101)
	at com.rabbitmq.client.impl.AMQChannel.exnWrappingRpc(AMQChannel.java:123)
	at com.rabbitmq.client.impl.ChannelN.queueBind(ChannelN.java:1057)
	at com.rabbitmq.client.impl.recovery.AutorecoveringChannel.queueBind(AutorecoveringChannel.java:401)
	at com.rabbitmq.client.impl.recovery.AutorecoveringChannel.queueBind(AutorecoveringChannel.java:396)
	at com.yd.cloud.rabbitmq.RecvTopicMsg.recvMsg(RecvTopicMsg.java:48)
	at com.yd.cloud.timeTask.TestTimeTask.recvMsg(TestTimeTask.java:27)
	at sun.reflect.NativeMethodAccessorImpl.invoke0(Native Method)
	at sun.reflect.NativeMethodAccessorImpl.invoke(NativeMethodAccessorImpl.java:62)
	at sun.reflect.DelegatingMethodAccessorImpl.invoke(DelegatingMethodAccessorImpl.java:43)
	at java.lang.reflect.Method.invoke(Method.java:498)
	at org.springframework.scheduling.support.ScheduledMethodRunnable.run(ScheduledMethodRunnable.java:65)
	at org.springframework.scheduling.support.DelegatingErrorHandlingRunnable.run(DelegatingErrorHandlingRunnable.java:54)
	at org.springframework.scheduling.concurrent.ReschedulingRunnable.run(ReschedulingRunnable.java:81)
	at java.util.concurrent.Executors$RunnableAdapter.call(Executors.java:511)
	at java.util.concurrent.FutureTask.run(FutureTask.java:266)
	at java.util.concurrent.ScheduledThreadPoolExecutor$ScheduledFutureTask.access$201(ScheduledThreadPoolExecutor.java:180)
	at java.util.concurrent.ScheduledThreadPoolExecutor$ScheduledFutureTask.run(ScheduledThreadPoolExecutor.java:293)
	at java.util.concurrent.ThreadPoolExecutor.runWorker(ThreadPoolExecutor.java:1149)
	at java.util.concurrent.ThreadPoolExecutor$Worker.run(ThreadPoolExecutor.java:624)
	at java.lang.Thread.run(Thread.java:748)
Caused by: com.rabbitmq.client.ShutdownSignalException: channel error; protocol method: #method<channel.close>(reply-code=404, reply-text=NOT_FOUND - no exchange 'yuandi-exchange-test2' in vhost '/', class-id=50, method-id=20)
	at com.rabbitmq.utility.ValueOrException.getValue(ValueOrException.java:66)
	at com.rabbitmq.utility.BlockingValueOrException.uninterruptibleGetValue(BlockingValueOrException.java:32)
	at com.rabbitmq.client.impl.AMQChannel$BlockingRpcContinuation.getReply(AMQChannel.java:366)
	at com.rabbitmq.client.impl.AMQChannel.privateRpc(AMQChannel.java:229)
	at com.rabbitmq.client.impl.AMQChannel.exnWrappingRpc(AMQChannel.java:117)
	... 19 common frames omitted
Caused by: com.rabbitmq.client.ShutdownSignalException: channel error; protocol method: #method<channel.close>(reply-code=404, reply-text=NOT_FOUND - no exchange 'yuandi-exchange-test2' in vhost '/', class-id=50, method-id=20)
	at com.rabbitmq.client.impl.ChannelN.asyncShutdown(ChannelN.java:505)
	at com.rabbitmq.client.impl.ChannelN.processAsync(ChannelN.java:336)
	at com.rabbitmq.client.impl.AMQChannel.handleCompleteInboundCommand(AMQChannel.java:143)
	at com.rabbitmq.client.impl.AMQChannel.handleFrame(AMQChannel.java:90)
	at com.rabbitmq.client.impl.AMQConnection.readFrame(AMQConnection.java:634)
	at com.rabbitmq.client.impl.AMQConnection.access$300(AMQConnection.java:47)
	at com.rabbitmq.client.impl.AMQConnection$MainLoop.run(AMQConnection.java:572)
	... 1 common frames omitted
2019-09-04 10:24:40:029[ERROR] [RecvTopicMsg.java:75] [] - 获取通道异常
java.io.IOException: null
	at com.rabbitmq.client.impl.AMQChannel.wrap(AMQChannel.java:105)
	at com.rabbitmq.client.impl.AMQChannel.wrap(AMQChannel.java:101)
	at com.rabbitmq.client.impl.AMQChannel.exnWrappingRpc(AMQChannel.java:123)
	at com.rabbitmq.client.impl.ChannelN.queueBind(ChannelN.java:1057)
	at com.rabbitmq.client.impl.recovery.AutorecoveringChannel.queueBind(AutorecoveringChannel.java:401)
	at com.rabbitmq.client.impl.recovery.AutorecoveringChannel.queueBind(AutorecoveringChannel.java:396)
	at com.yd.cloud.rabbitmq.RecvTopicMsg.recvMsg(RecvTopicMsg.java:48)
	at com.yd.cloud.timeTask.TestTimeTask.recvMsg(TestTimeTask.java:27)
	at sun.reflect.NativeMethodAccessorImpl.invoke0(Native Method)
	at sun.reflect.NativeMethodAccessorImpl.invoke(NativeMethodAccessorImpl.java:62)
	at sun.reflect.DelegatingMethodAccessorImpl.invoke(DelegatingMethodAccessorImpl.java:43)
	at java.lang.reflect.Method.invoke(Method.java:498)
	at org.springframework.scheduling.support.ScheduledMethodRunnable.run(ScheduledMethodRunnable.java:65)
	at org.springframework.scheduling.support.DelegatingErrorHandlingRunnable.run(DelegatingErrorHandlingRunnable.java:54)
	at org.springframework.scheduling.concurrent.ReschedulingRunnable.run(ReschedulingRunnable.java:81)
	at java.util.concurrent.Executors$RunnableAdapter.call(Executors.java:511)
	at java.util.concurrent.FutureTask.run(FutureTask.java:266)
	at java.util.concurrent.ScheduledThreadPoolExecutor$ScheduledFutureTask.access$201(ScheduledThreadPoolExecutor.java:180)
	at java.util.concurrent.ScheduledThreadPoolExecutor$ScheduledFutureTask.run(ScheduledThreadPoolExecutor.java:293)
	at java.util.concurrent.ThreadPoolExecutor.runWorker(ThreadPoolExecutor.java:1149)
	at java.util.concurrent.ThreadPoolExecutor$Worker.run(ThreadPoolExecutor.java:624)
	at java.lang.Thread.run(Thread.java:748)
Caused by: com.rabbitmq.client.ShutdownSignalException: channel error; protocol method: #method<channel.close>(reply-code=404, reply-text=NOT_FOUND - no exchange 'yuandi-exchange-test2' in vhost '/', class-id=50, method-id=20)
	at com.rabbitmq.utility.ValueOrException.getValue(ValueOrException.java:66)
	at com.rabbitmq.utility.BlockingValueOrException.uninterruptibleGetValue(BlockingValueOrException.java:32)
	at com.rabbitmq.client.impl.AMQChannel$BlockingRpcContinuation.getReply(AMQChannel.java:366)
	at com.rabbitmq.client.impl.AMQChannel.privateRpc(AMQChannel.java:229)
	at com.rabbitmq.client.impl.AMQChannel.exnWrappingRpc(AMQChannel.java:117)
	... 19 common frames omitted
Caused by: com.rabbitmq.client.ShutdownSignalException: channel error; protocol method: #method<channel.close>(reply-code=404, reply-text=NOT_FOUND - no exchange 'yuandi-exchange-test2' in vhost '/', class-id=50, method-id=20)
	at com.rabbitmq.client.impl.ChannelN.asyncShutdown(ChannelN.java:505)
	at com.rabbitmq.client.impl.ChannelN.processAsync(ChannelN.java:336)
	at com.rabbitmq.client.impl.AMQChannel.handleCompleteInboundCommand(AMQChannel.java:143)
	at com.rabbitmq.client.impl.AMQChannel.handleFrame(AMQChannel.java:90)
	at com.rabbitmq.client.impl.AMQConnection.readFrame(AMQConnection.java:634)
	at com.rabbitmq.client.impl.AMQConnection.access$300(AMQConnection.java:47)
	at com.rabbitmq.client.impl.AMQConnection$MainLoop.run(AMQConnection.java:572)
	... 1 common frames omitted
